<?xml version="1.0" encoding="UTF-8"?>
<!-- Generated by org.testng.reporters.JUnitReportReporter -->
<testsuite hostname="lixionggang-PC" name="cn.crazy.appium.network.study.Study1" tests="2" failures="0" timestamp="14 Apr 2016 13:14:56 GMT" time="199.406" errors="0">
  <testcase name="attentionArticle" time="100.472" classname="cn.crazy.appium.network.study.Study1"/>
  <testcase name="attentionArticle" time="98.934" classname="cn.crazy.appium.network.study.Study1"/>
</testsuite> <!-- cn.crazy.appium.network.study.Study1 -->
