<?xml version="1.0" encoding="UTF-8"?>
<!-- Generated by org.testng.reporters.JUnitReportReporter -->
<testsuite hostname="lixionggang-PC" name="com.crazy.appium.android.test" tests="1" failures="0" timestamp="1 Sep 2015 07:59:16 GMT" time="37.098" errors="0">
  <testcase name="add" time="37.098" classname="com.crazy.appium.android.test"/>
</testsuite> <!-- com.crazy.appium.android.test -->
