<?xml version="1.0" encoding="UTF-8"?>
<!-- Generated by org.testng.reporters.JUnitReportReporter -->
<testsuite hostname="LXG-PC" name="cn.crazy.appium.network.study.UploadPhoto" tests="1" failures="0" timestamp="21 Dec 2016 14:22:36 GMT" time="18.573" errors="0">
  <testcase name="t001_upload" time="18.573" classname="cn.crazy.appium.network.study.UploadPhoto"/>
</testsuite> <!-- cn.crazy.appium.network.study.UploadPhoto -->
