<?xml version="1.0" encoding="UTF-8"?>
<!-- Generated by org.testng.reporters.JUnitReportReporter -->
<testsuite hostname="LXG-PC" name="cn.crazy.appium.network.study.Test0716" tests="2" failures="0" timestamp="31 Aug 2016 14:32:36 GMT" time="39.262" errors="0">
  <testcase name="login" time="20.630" classname="cn.crazy.appium.network.study.Test0716"/>
  <testcase name="login" time="18.632" classname="cn.crazy.appium.network.study.Test0716"/>
</testsuite> <!-- cn.crazy.appium.network.study.Test0716 -->
