<?xml version="1.0" encoding="UTF-8"?>
<!-- Generated by org.testng.reporters.JUnitReportReporter -->
<testsuite hostname="lixionggang-PC" name="cn.crazy.appium.testcases.Add" tests="2" failures="0" timestamp="14 Dec 2015 08:28:19 GMT" time="0.016" errors="0">
  <testcase name="addMethod2" time="0.001" classname="cn.crazy.appium.testcases.Add"/>
  <testcase name="addMethod1" time="0.015" classname="cn.crazy.appium.testcases.Add"/>
</testsuite> <!-- cn.crazy.appium.testcases.Add -->
