<?xml version="1.0" encoding="UTF-8"?>
<!-- Generated by org.testng.reporters.JUnitReportReporter -->
<testsuite hostname="lixionggang-PC" name="cn.gloryroad.gloryroadAppium.AppiumDriverTest" tests="1" failures="0" timestamp="28 Aug 2015 03:21:22 GMT" time="20.364" errors="0">
  <testcase name="getDriver" time="20.364" classname="cn.gloryroad.gloryroadAppium.AppiumDriverTest"/>
</testsuite> <!-- cn.gloryroad.gloryroadAppium.AppiumDriverTest -->
