<?xml version="1.0" encoding="UTF-8"?>
<!-- Generated by org.testng.reporters.JUnitReportReporter -->
<testsuite hostname="lixionggang-PC" name="com.crazy.appium.android.swipe" tests="1" failures="0" timestamp="17 Nov 2015 07:09:00 GMT" time="3.973" errors="0">
  <testcase name="test" time="3.973" classname="com.crazy.appium.android.swipe"/>
</testsuite> <!-- com.crazy.appium.android.swipe -->
