<?xml version="1.0" encoding="UTF-8"?>
<!-- Generated by org.testng.reporters.JUnitReportReporter -->
<testsuite hostname="LXG-PC" name="cn.crazy.appium.testcases.HiBarTest" tests="2" failures="0" timestamp="13 Sep 2016 14:23:10 GMT" time="185.205" errors="0">
  <testcase name="sendMessage" time="92.235" classname="cn.crazy.appium.testcases.HiBarTest"/>
  <testcase name="sendMessage" time="92.970" classname="cn.crazy.appium.testcases.HiBarTest"/>
</testsuite> <!-- cn.crazy.appium.testcases.HiBarTest -->
