<?xml version="1.0" encoding="UTF-8"?>
<!-- Generated by org.testng.reporters.JUnitReportReporter -->
<testsuite hostname="lixionggang-PC" name="cn.gloryroad.appium.base.NewTest" tests="1" failures="0" timestamp="16 Nov 2015 03:14:09 GMT" time="0.016" errors="0">
  <testcase name="f" time="0.016" classname="cn.gloryroad.appium.base.NewTest"/>
</testsuite> <!-- cn.gloryroad.appium.base.NewTest -->
