<?xml version="1.0" encoding="UTF-8"?>
<!-- Generated by org.testng.reporters.JUnitReportReporter -->
<testsuite hostname="lixionggang-PC" name="cn.crazy.appium.testcases.ZhihuLogin" tests="2" failures="0" timestamp="12 Dec 2015 14:38:48 GMT" time="41.619" errors="0">
  <testcase name="login" time="20.750" classname="cn.crazy.appium.testcases.ZhihuLogin"/>
  <testcase name="login" time="20.869" classname="cn.crazy.appium.testcases.ZhihuLogin"/>
</testsuite> <!-- cn.crazy.appium.testcases.ZhihuLogin -->
