<?xml version="1.0" encoding="UTF-8"?>
<!-- Generated by org.testng.reporters.JUnitReportReporter -->
<testsuite hostname="lixionggang-PC" name="cn.crazy.appium.network.study.Study" tests="1" failures="0" timestamp="15 May 2016 08:32:21 GMT" time="47.506" errors="0">
  <testcase name="login" time="47.506" classname="cn.crazy.appium.network.study.Study"/>
</testsuite> <!-- cn.crazy.appium.network.study.Study -->
