<?xml version="1.0" encoding="UTF-8"?>
<!-- Generated by org.testng.reporters.JUnitReportReporter -->
<testsuite hostname="lixionggang-PC" name="cn.crazy.appium.testcases.ZhihuTestCaseBase" tests="2" failures="0" timestamp="9 Dec 2015 14:42:19 GMT" time="0.040" errors="0">
  <testcase name="beforeTest" time="0.020" classname="cn.crazy.appium.testcases.ZhihuTestCaseBase"/>
  <testcase name="beforeTest" time="0.020" classname="cn.crazy.appium.testcases.ZhihuTestCaseBase"/>
</testsuite> <!-- cn.crazy.appium.testcases.ZhihuTestCaseBase -->
