<?xml version="1.0" encoding="UTF-8"?>
<!-- Generated by org.testng.reporters.JUnitReportReporter -->
<testsuite hostname="lixionggang-PC" name="cn.crazy.appium.testcases.ZhihuLoginTest" tests="6" failures="0" timestamp="18 Jun 2016 08:31:26 GMT" time="161.277" errors="0">
  <testcase name="putQuestions" time="26.347" classname="cn.crazy.appium.testcases.ZhihuLoginTest"/>
  <testcase name="login" time="12.667" classname="cn.crazy.appium.testcases.ZhihuLoginTest"/>
  <testcase name="putQuestions" time="24.219" classname="cn.crazy.appium.testcases.ZhihuLoginTest"/>
  <testcase name="attentionArticle" time="15.319" classname="cn.crazy.appium.testcases.ZhihuLoginTest"/>
  <testcase name="login" time="23.044" classname="cn.crazy.appium.testcases.ZhihuLoginTest"/>
  <testcase name="attentionArticle" time="59.681" classname="cn.crazy.appium.testcases.ZhihuLoginTest"/>
</testsuite> <!-- cn.crazy.appium.testcases.ZhihuLoginTest -->
