<?xml version="1.0" encoding="UTF-8"?>
<!-- Generated by org.testng.reporters.JUnitReportReporter -->
<testsuite hostname="lixionggang-PC" name="cn.crazy.appiu.test.NewTest" tests="2" failures="0" timestamp="5 Dec 2015 11:05:24 GMT" time="0.008" errors="0">
  <testcase name="f" time="0.000" classname="cn.crazy.appiu.test.NewTest"/>
  <testcase name="f" time="0.008" classname="cn.crazy.appiu.test.NewTest"/>
</testsuite> <!-- cn.crazy.appiu.test.NewTest -->
