<?xml version="1.0" encoding="UTF-8"?>
<!-- Generated by org.testng.reporters.JUnitReportReporter -->
<testsuite hostname="LXG-PC" name="cn.crazy.appium.network.study.ZhihuUploadPhoto" tests="1" failures="0" timestamp="18 Dec 2016 09:03:10 GMT" time="27.100" errors="0">
  <testcase name="t001_uploadPhoto" time="27.100" classname="cn.crazy.appium.network.study.ZhihuUploadPhoto"/>
</testsuite> <!-- cn.crazy.appium.network.study.ZhihuUploadPhoto -->
