<?xml version="1.0" encoding="UTF-8"?>
<!-- Generated by org.testng.reporters.JUnitReportReporter -->
<testsuite hostname="lixionggang-PC" name="cn.crazy.appium.testcases.Test222" tests="2" failures="0" timestamp="12 Dec 2015 10:59:43 GMT" time="0.013" errors="0">
  <testcase name="print" time="0.006" classname="cn.crazy.appium.testcases.Test222"/>
  <testcase name="print" time="0.007" classname="cn.crazy.appium.testcases.Test222"/>
</testsuite> <!-- cn.crazy.appium.testcases.Test222 -->
