<?xml version="1.0" encoding="UTF-8"?>
<!-- Generated by org.testng.reporters.JUnitReportReporter -->
<testsuite hostname="lixionggang-PC" name="cn.crazy.appium.testcases.Article" tests="2" failures="0" timestamp="12 Dec 2015 11:13:13 GMT" time="47.586" errors="0">
  <testcase name="a" time="22.673" classname="cn.crazy.appium.testcases.Article"/>
  <testcase name="a" time="24.913" classname="cn.crazy.appium.testcases.Article"/>
</testsuite> <!-- cn.crazy.appium.testcases.Article -->
