<?xml version="1.0" encoding="UTF-8"?>
<!-- Generated by org.testng.reporters.JUnitReportReporter -->
<testsuite hostname="lixionggang-PC" name="cn.crazy.appium.testcases.Test333" tests="2" failures="0" timestamp="12 Dec 2015 10:59:43 GMT" time="0.002" errors="0">
  <testcase name="print" time="0.001" classname="cn.crazy.appium.testcases.Test333"/>
  <testcase name="print" time="0.001" classname="cn.crazy.appium.testcases.Test333"/>
</testsuite> <!-- cn.crazy.appium.testcases.Test333 -->
